[debug] [2018-02-23T04:09:43.039Z] ----------------------------------------------------------------------
[debug] [2018-02-23T04:09:43.042Z] Command:       /home/emile/.nvm/versions/node/v8.9.1/bin/node /home/emile/.nvm/versions/node/v8.9.1/bin/firebase serve
[debug] [2018-02-23T04:09:43.043Z] CLI Version:   3.17.4
[debug] [2018-02-23T04:09:43.043Z] Platform:      linux
[debug] [2018-02-23T04:09:43.043Z] Node Version:  v8.9.1
[debug] [2018-02-23T04:09:43.043Z] Time:          Thu Feb 22 2018 23:09:43 GMT-0500 (EST)
[debug] [2018-02-23T04:09:43.043Z] ----------------------------------------------------------------------
[debug] 
[debug] [2018-02-23T04:09:43.060Z] > command requires scopes: ["email","openid","https://www.googleapis.com/auth/cloudplatformprojects.readonly","https://www.googleapis.com/auth/firebase","https://www.googleapis.com/auth/cloud-platform"]
[debug] [2018-02-23T04:09:43.060Z] > authorizing via signed-in user
[debug] [2018-02-23T04:09:43.062Z] > refreshing access token with scopes: ["email","https://www.googleapis.com/auth/cloud-platform","https://www.googleapis.com/auth/cloudplatformprojects.readonly","https://www.googleapis.com/auth/firebase","openid"]
[debug] [2018-02-23T04:09:43.063Z] >>> HTTP REQUEST POST https://www.googleapis.com/oauth2/v3/token  
 { refresh_token: '1/vMS-4ChY4fPf33WhJ6hNqhVu8Gc-JTU6-tIm8wn7_kFNT84eahuKk-_rBmVy2K7a',
  client_id: '563584335869-fgrhgmd47bqnekij5i8b5pr03ho849e6.apps.googleusercontent.com',
  client_secret: 'j9iVZfS8kkCEFUPaAeJV0sAi',
  grant_type: 'refresh_token',
  scope: 'email https://www.googleapis.com/auth/cloud-platform https://www.googleapis.com/auth/cloudplatformprojects.readonly https://www.googleapis.com/auth/firebase openid' } 
 Thu Feb 22 2018 23:09:43 GMT-0500 (EST)
[debug] [2018-02-23T04:09:43.276Z] <<< HTTP RESPONSE 200
[debug] [2018-02-23T04:09:43.283Z] >>> HTTP REQUEST GET https://admin.firebase.com/v1/projects/bernard-fac52  
  
 Thu Feb 22 2018 23:09:43 GMT-0500 (EST)
[debug] [2018-02-23T04:09:43.683Z] <<< HTTP RESPONSE 200
[debug] [2018-02-23T04:09:43.684Z] >>> HTTP REQUEST GET https://admin.firebase.com/v1/database/bernard-fac52/tokens  
  
 Thu Feb 22 2018 23:09:43 GMT-0500 (EST)
[debug] [2018-02-23T04:09:45.277Z] <<< HTTP RESPONSE 200
[info] 
[info] === Serving from '/home/emile/Development/Projects/19Bernard'...
[info] 
[debug] [2018-02-23T04:09:45.279Z] >>> HTTP REQUEST GET https://cloudresourcemanager.googleapis.com/v1/projects/bernard-fac52  
  
 Thu Feb 22 2018 23:09:45 GMT-0500 (EST)
[debug] [2018-02-23T04:09:45.654Z] <<< HTTP RESPONSE 200
[debug] [2018-02-23T04:09:45.654Z] >>> HTTP REQUEST GET https://mobilesdk-pa.googleapis.com/v1/projects/47682735218/clients/_:getWebAppConfig  
  
 Thu Feb 22 2018 23:09:45 GMT-0500 (EST)
[debug] [2018-02-23T04:09:46.120Z] <<< HTTP RESPONSE 200
[debug] [2018-02-23T04:09:46.145Z] TypeError: Cannot read property 'public' of undefined
    at Server.<anonymous> (/home/emile/.nvm/versions/node/v8.9.1/lib/node_modules/firebase-tools/lib/serve/hosting.js:34:18)
    at Object.onceWrapper (events.js:313:30)
    at emitNone (events.js:106:13)
    at Server.emit (events.js:208:7)
    at emitListeningNT (net.js:1378:10)
    at _combinedTickCallback (internal/process/next_tick.js:135:11)
    at process._tickDomainCallback (internal/process/next_tick.js:218:9)
[error] 
[error] Error: An unexpected error has occurred.
